<?xml version="1.0" encoding="UTF-8"?>
<!-- Generated by org.testng.reporters.JUnitReportReporter -->
<testsuite hostname="LAPTOP-S9TLG6IV" failures="0" tests="6" name="Pages.TestBelongtoSingleGroup" time="0.014" errors="0" timestamp="2021-03-27T07:05:58 IST" skipped="0">
  <testcase classname="Pages.TestBelongtoSingleGroup" name="TestThree" time="0.001"/>
  <system-out/>
  <testcase classname="Pages.TestBelongtoSingleGroup" name="TestOne" time="0.001"/>
  <system-out/>
  <testcase classname="Pages.TestBelongtoSingleGroup" name="TestTwo" time="0.002"/>
  <system-out/>
  <testcase classname="Pages.TestBelongtoSingleGroup" name="TestThree" time="0.001"/>
  <system-out/>
  <testcase classname="Pages.TestBelongtoSingleGroup" name="TestOne" time="0.007"/>
  <system-out/>
  <testcase classname="Pages.TestBelongtoSingleGroup" name="TestTwo" time="0.002"/>
  <system-out/>
</testsuite> <!-- Pages.TestBelongtoSingleGroup -->
