<?xml version="1.0" encoding="UTF-8"?>
<!-- Generated by org.testng.reporters.JUnitReportReporter -->
<testsuite hostname="LAPTOP-S9TLG6IV" failures="0" tests="2" name="tests.TestNGAnnotation" time="2.737" errors="0" timestamp="2021-03-27T07:12:28 IST" skipped="0">
  <testcase classname="tests.TestNGAnnotation" name="TestCase2" time="1.354"/>
  <system-out/>
  <testcase classname="tests.TestNGAnnotation" name="TestCase1" time="1.383"/>
  <system-out/>
</testsuite> <!-- tests.TestNGAnnotation -->
