<?xml version="1.0" encoding="UTF-8"?>
<!-- Generated by org.testng.reporters.JUnitReportReporter -->
<testsuite hostname="LAPTOP-S9TLG6IV" failures="0" tests="3" name="Pages.GoogleTest" time="17.344" errors="0" timestamp="2021-03-21T13:13:33 IST" skipped="0">
  <testcase classname="Pages.GoogleTest" name="googleTitleTest" time="5.278"/>
  <system-out/>
  <testcase classname="Pages.GoogleTest" name="googleLogoTest" time="5.492"/>
  <system-out/>
  <testcase classname="Pages.GoogleTest" name="EmailLinkTest" time="6.574"/>
  <system-out/>
</testsuite> <!-- Pages.GoogleTest -->
