<?xml version="1.0" encoding="UTF-8"?>
<!-- Generated by org.testng.reporters.JUnitReportReporter -->
<testsuite hostname="LAPTOP-S9TLG6IV" failures="0" tests="1" name="elements.TestNGParrallel" time="10.409" errors="0" timestamp="2021-03-22T07:38:57 IST" skipped="0">
  <testcase classname="elements.TestNGParrallel" name="test2" time="10.409"/>
  <system-out/>
</testsuite> <!-- elements.TestNGParrallel -->
