<?xml version="1.0" encoding="UTF-8"?>
<!-- Generated by org.testng.reporters.JUnitReportReporter -->
<testsuite hostname="LAPTOP-S9TLG6IV" failures="0" tests="1" name="tests.HomePageTest" time="6.183" errors="0" timestamp="20 Mar 2021 17:43:28 GMT">
  <testcase classname="tests.HomePageTest" name="Search" time="6.183"/>
</testsuite> <!-- tests.HomePageTest -->
