<?xml version="1.0" encoding="UTF-8"?>
<!-- Generated by org.testng.reporters.JUnitReportReporter -->
<testsuite hostname="LAPTOP-S9TLG6IV" failures="0" tests="4" name="com.QATest.DemoTest" time="0.019" errors="0" timestamp="04 May 2021 07:28:17 GMT" skipped="0">
  <testcase classname="com.QATest.DemoTest" name="div" time="0.014"/>
  <testcase classname="com.QATest.DemoTest" name="sum" time="0.001"/>
  <testcase classname="com.QATest.DemoTest" name="multiplication" time="0.002"/>
  <testcase classname="com.QATest.DemoTest" name="sub" time="0.002"/>
</testsuite> <!-- com.QATest.DemoTest -->
