<?xml version="1.0" encoding="UTF-8"?>
<!-- Generated by org.testng.reporters.JUnitReportReporter -->
<testsuite skipped="0" hostname="LAPTOP-S9TLG6IV" name="com.QATest.DemoTest1" tests="4" failures="0" timestamp="15 May 2021 12:16:31 GMT" time="0.000" errors="0">
  <testcase name="div" time="0.000" classname="com.QATest.DemoTest1"/>
  <testcase name="multiplication" time="0.000" classname="com.QATest.DemoTest1"/>
  <testcase name="sum" time="0.000" classname="com.QATest.DemoTest1"/>
  <testcase name="sub" time="0.000" classname="com.QATest.DemoTest1"/>
</testsuite> <!-- com.QATest.DemoTest1 -->
