<?xml version="1.0" encoding="UTF-8"?>
<!-- Generated by org.testng.reporters.JUnitReportReporter -->
<testsuite skipped="0" hostname="LAPTOP-S9TLG6IV" name="com.QATest.DemoTest" tests="4" failures="0" timestamp="15 May 2021 12:16:31 GMT" time="0.010" errors="0">
  <testcase name="sum" time="0.000" classname="com.QATest.DemoTest"/>
  <testcase name="div" time="0.009" classname="com.QATest.DemoTest"/>
  <testcase name="sub" time="0.001" classname="com.QATest.DemoTest"/>
  <testcase name="multiplication" time="0.000" classname="com.QATest.DemoTest"/>
</testsuite> <!-- com.QATest.DemoTest -->
